2025-03-12 16:22:34,855 - INFO - world-liberty-financial-portfolio includes: ['USDT', 'ETH', 'USDC', 'TRX', 'LINK', 'WBTC', 'stETH']
2025-03-12 16:22:34,855 - INFO - Tags: world-liberty-financial-portfolio, Total Circulating Supply (billions): 297.15, Total Total Supply (billions): 298.89, Total Market Cap (billions): 484.95
2025-03-12 16:22:34,855 - INFO - real-world-assets includes: ['LINK', 'HBAR', 'AVAX', 'MKR', 'VET', 'QNT']
2025-03-12 16:22:34,856 - INFO - Tags: real-world-assets, Total Circulating Supply (billions): 129.27, Total Total Supply (billions): 137.45, Total Market Cap (billions): 28.23
2025-03-12 16:22:34,947 - INFO - The average of FGI for the last 90 days is 48.144444444444474, the market sentiment seems Neutral
2025-03-12 16:22:35,229 - INFO - In the last 7 days, 7 / 11 IPOs have been priced, 0 have been withdrawn.
2025-03-12 23:33:05,876 - INFO - world-liberty-financial-portfolio includes: ['USDT', 'ETH', 'USDC', 'TRX', 'LINK', 'WBTC', 'stETH']
2025-03-12 23:33:05,876 - INFO - Tags: world-liberty-financial-portfolio, Total Circulating Supply (billions): 297.26, Total Total Supply (billions): 298.99, Total Market Cap (billions): 489.36
2025-03-12 23:33:05,877 - INFO - real-world-assets includes: ['LINK', 'HBAR', 'AVAX', 'MKR', 'VET', 'QNT']
2025-03-12 23:33:05,877 - INFO - Tags: real-world-assets, Total Circulating Supply (billions): 129.27, Total Total Supply (billions): 137.45, Total Market Cap (billions): 28.76
2025-03-12 23:33:05,961 - INFO - The average of FGI for the last 90 days is 48.144444444444474, the market sentiment seems Neutral
2025-03-12 23:33:06,219 - INFO - In the last 7 days, 7 / 15 IPOs have been priced, 0 have been withdrawn.
2025-03-13 23:31:53,062 - INFO - world-liberty-financial-portfolio includes: ['USDT', 'ETH', 'USDC', 'TRX', 'LINK', 'WBTC', 'stETH']
2025-03-13 23:31:53,062 - INFO - Tags: world-liberty-financial-portfolio, Total Circulating Supply (billions): 297.50, Total Total Supply (billions): 299.07, Total Market Cap (billions): 483.70
2025-03-13 23:31:53,062 - INFO - real-world-assets includes: ['LINK', 'HBAR', 'AVAX', 'MKR', 'VET', 'QNT']
2025-03-13 23:31:53,062 - INFO - Tags: real-world-assets, Total Circulating Supply (billions): 129.27, Total Total Supply (billions): 137.45, Total Market Cap (billions): 27.93
2025-03-13 23:31:53,366 - INFO - The average of FGI for the last 90 days is 47.4666666666667, the market sentiment seems Neutral
2025-03-13 23:31:53,730 - INFO - In the last 7 days, 7 / 15 IPOs have been priced, 0 have been withdrawn.
2025-03-14 23:34:08,432 - INFO - world-liberty-financial-portfolio includes: ['USDT', 'ETH', 'USDC', 'LINK', 'TRX', 'WBTC', 'stETH']
2025-03-14 23:34:08,432 - INFO - Tags: world-liberty-financial-portfolio, Total Circulating Supply (billions): 297.84, Total Total Supply (billions): 299.39, Total Market Cap (billions): 492.47
2025-03-14 23:34:08,432 - INFO - real-world-assets includes: ['LINK', 'HBAR', 'AVAX', 'MKR', 'VET', 'QNT']
2025-03-14 23:34:08,432 - INFO - Tags: real-world-assets, Total Circulating Supply (billions): 129.29, Total Total Supply (billions): 137.45, Total Market Cap (billions): 29.02
2025-03-14 23:34:08,517 - INFO - The average of FGI for the last 90 days is 46.833333333333364, the market sentiment seems Neutral
2025-03-14 23:34:08,772 - INFO - In the last 7 days, 3 / 11 IPOs have been priced, 0 have been withdrawn.
